<?xml version="1.0" encoding="UTF-8"?>
<testng-results ignored="0" total="3" passed="3" failed="0" skipped="0">
  <reporter-output>
  </reporter-output>
  <suite started-at="2025-07-14T10:36:10 IST" name="Default suite" finished-at="2025-07-14T10:37:42 IST" duration-ms="92462">
    <groups>
      <group name="cucumber">
        <method signature="AbstractTestNGCucumberTests.runScenario(io.cucumber.testng.PickleWrapper,io.cucumber.testng.FeatureWrapper)[pri:0, instance:com.main.runner.TestNGCucumberRunner@55b0dcab]" name="runScenario" class="io.cucumber.testng.AbstractTestNGCucumberTests"/>
      </group> <!-- cucumber -->
    </groups>
    <test started-at="2025-07-14T10:36:10 IST" name="Default test" finished-at="2025-07-14T10:37:42 IST" duration-ms="92462">
      <class name="com.main.runner.TestNGCucumberRunner">
        <test-method is-config="true" signature="setUpClass(org.testng.ITestContext)[pri:0, instance:com.main.runner.TestNGCucumberRunner@55b0dcab]" started-at="2025-07-14T10:36:10 IST" name="setUpClass" finished-at="2025-07-14T10:36:10 IST" duration-ms="714" status="PASS">
          <params>
            <param index="0">
              <value>
                <![CDATA[org.testng.TestRunner@294f9d50]]>
              </value>
            </param>
          </params>
          <reporter-output>
          </reporter-output>
        </test-method> <!-- setUpClass -->
        <test-method signature="runScenario(io.cucumber.testng.PickleWrapper,io.cucumber.testng.FeatureWrapper)[pri:0, instance:com.main.runner.TestNGCucumberRunner@55b0dcab]" started-at="2025-07-14T10:36:10 IST" name="runScenario" description="Runs Cucumber Scenarios" data-provider="scenarios" finished-at="2025-07-14T10:36:40 IST" duration-ms="29310" status="PASS">
          <params>
            <param index="0">
              <value>
                <![CDATA["Retrieve details of a specific café"]]>
              </value>
            </param>
            <param index="1">
              <value>
                <![CDATA["Dining Search and Café Info"]]>
              </value>
            </param>
          </params>
          <reporter-output>
          </reporter-output>
        </test-method> <!-- runScenario -->
        <test-method signature="runScenario(io.cucumber.testng.PickleWrapper,io.cucumber.testng.FeatureWrapper)[pri:0, instance:com.main.runner.TestNGCucumberRunner@55b0dcab]" started-at="2025-07-14T10:36:40 IST" name="runScenario" description="Runs Cucumber Scenarios" data-provider="scenarios" finished-at="2025-07-14T10:37:11 IST" duration-ms="31231" status="PASS">
          <params>
            <param index="0">
              <value>
                <![CDATA["Validate seat count after selection"]]>
              </value>
            </param>
            <param index="1">
              <value>
                <![CDATA["Movie Seat Selection"]]>
              </value>
            </param>
          </params>
          <reporter-output>
          </reporter-output>
        </test-method> <!-- runScenario -->
        <test-method signature="runScenario(io.cucumber.testng.PickleWrapper,io.cucumber.testng.FeatureWrapper)[pri:0, instance:com.main.runner.TestNGCucumberRunner@55b0dcab]" started-at="2025-07-14T10:37:11 IST" name="runScenario" description="Runs Cucumber Scenarios" data-provider="scenarios" finished-at="2025-07-14T10:37:42 IST" duration-ms="31095" status="PASS">
          <params>
            <param index="0">
              <value>
                <![CDATA["Validate seat count after selection"]]>
              </value>
            </param>
            <param index="1">
              <value>
                <![CDATA["Movie Seat Selection"]]>
              </value>
            </param>
          </params>
          <reporter-output>
          </reporter-output>
        </test-method> <!-- runScenario -->
        <test-method is-config="true" signature="tearDownClass()[pri:0, instance:com.main.runner.TestNGCucumberRunner@55b0dcab]" started-at="2025-07-14T10:37:42 IST" name="tearDownClass" finished-at="2025-07-14T10:37:42 IST" duration-ms="54" status="PASS">
          <reporter-output>
          </reporter-output>
        </test-method> <!-- tearDownClass -->
      </class> <!-- com.main.runner.TestNGCucumberRunner -->
    </test> <!-- Default test -->
  </suite> <!-- Default suite -->
</testng-results>
