<?xml version="1.0" encoding="UTF-8"?>
<testng-results ignored="0" total="5" passed="5" failed="0" skipped="0">
  <reporter-output>
  </reporter-output>
  <suite started-at="2025-07-14T16:07:37 IST" name="Default suite" finished-at="2025-07-14T16:09:49 IST" duration-ms="132646">
    <groups>
      <group name="cucumber">
        <method signature="AbstractTestNGCucumberTests.runScenario(io.cucumber.testng.PickleWrapper,io.cucumber.testng.FeatureWrapper)[pri:0, instance:com.main.runner.TestNGCucumberRunner@55b0dcab]" name="runScenario" class="io.cucumber.testng.AbstractTestNGCucumberTests"/>
      </group> <!-- cucumber -->
    </groups>
    <test started-at="2025-07-14T16:07:37 IST" name="Default test" finished-at="2025-07-14T16:09:49 IST" duration-ms="132646">
      <class name="com.main.runner.TestNGCucumberRunner">
        <test-method is-config="true" signature="setUpClass(org.testng.ITestContext)[pri:0, instance:com.main.runner.TestNGCucumberRunner@55b0dcab]" started-at="2025-07-14T16:07:37 IST" name="setUpClass" finished-at="2025-07-14T16:07:37 IST" duration-ms="715" status="PASS">
          <params>
            <param index="0">
              <value>
                <![CDATA[org.testng.TestRunner@23c7cb18]]>
              </value>
            </param>
          </params>
          <reporter-output>
          </reporter-output>
        </test-method> <!-- setUpClass -->
        <test-method signature="runScenario(io.cucumber.testng.PickleWrapper,io.cucumber.testng.FeatureWrapper)[pri:0, instance:com.main.runner.TestNGCucumberRunner@55b0dcab]" started-at="2025-07-14T16:07:37 IST" name="runScenario" description="Runs Cucumber Scenarios" data-provider="scenarios" finished-at="2025-07-14T16:08:05 IST" duration-ms="27921" status="PASS">
          <params>
            <param index="0">
              <value>
                <![CDATA["Retrieve details of a specific café"]]>
              </value>
            </param>
            <param index="1">
              <value>
                <![CDATA["Dining Search and Café Info"]]>
              </value>
            </param>
          </params>
          <reporter-output>
          </reporter-output>
        </test-method> <!-- runScenario -->
        <test-method signature="runScenario(io.cucumber.testng.PickleWrapper,io.cucumber.testng.FeatureWrapper)[pri:0, instance:com.main.runner.TestNGCucumberRunner@55b0dcab]" started-at="2025-07-14T16:08:05 IST" name="runScenario" description="Runs Cucumber Scenarios" data-provider="scenarios" finished-at="2025-07-14T16:08:34 IST" duration-ms="29021" status="PASS">
          <params>
            <param index="0">
              <value>
                <![CDATA["List Pune events sorted by ascending price"]]>
              </value>
            </param>
            <param index="1">
              <value>
                <![CDATA["Fetch and sort events by price"]]>
              </value>
            </param>
          </params>
          <reporter-output>
          </reporter-output>
        </test-method> <!-- runScenario -->
        <test-method signature="runScenario(io.cucumber.testng.PickleWrapper,io.cucumber.testng.FeatureWrapper)[pri:0, instance:com.main.runner.TestNGCucumberRunner@55b0dcab]" started-at="2025-07-14T16:08:34 IST" name="runScenario" description="Runs Cucumber Scenarios" data-provider="scenarios" finished-at="2025-07-14T16:09:04 IST" duration-ms="29403" status="PASS">
          <params>
            <param index="0">
              <value>
                <![CDATA["Validate seat count after selection"]]>
              </value>
            </param>
            <param index="1">
              <value>
                <![CDATA["Movie Seat Selection"]]>
              </value>
            </param>
          </params>
          <reporter-output>
          </reporter-output>
        </test-method> <!-- runScenario -->
        <test-method signature="runScenario(io.cucumber.testng.PickleWrapper,io.cucumber.testng.FeatureWrapper)[pri:0, instance:com.main.runner.TestNGCucumberRunner@55b0dcab]" started-at="2025-07-14T16:09:04 IST" name="runScenario" description="Runs Cucumber Scenarios" data-provider="scenarios" finished-at="2025-07-14T16:09:25 IST" duration-ms="21005" status="PASS">
          <params>
            <param index="0">
              <value>
                <![CDATA["Each social icon opens correct page"]]>
              </value>
            </param>
            <param index="1">
              <value>
                <![CDATA["Verify social media icons under footer"]]>
              </value>
            </param>
          </params>
          <reporter-output>
          </reporter-output>
        </test-method> <!-- runScenario -->
        <test-method signature="runScenario(io.cucumber.testng.PickleWrapper,io.cucumber.testng.FeatureWrapper)[pri:0, instance:com.main.runner.TestNGCucumberRunner@55b0dcab]" started-at="2025-07-14T16:09:25 IST" name="runScenario" description="Runs Cucumber Scenarios" data-provider="scenarios" finished-at="2025-07-14T16:09:49 IST" duration-ms="24471" status="PASS">
          <params>
            <param index="0">
              <value>
                <![CDATA["Each social icon opens correct page"]]>
              </value>
            </param>
            <param index="1">
              <value>
                <![CDATA["Verify social media icons under footer"]]>
              </value>
            </param>
          </params>
          <reporter-output>
          </reporter-output>
        </test-method> <!-- runScenario -->
        <test-method is-config="true" signature="tearDownClass()[pri:0, instance:com.main.runner.TestNGCucumberRunner@55b0dcab]" started-at="2025-07-14T16:09:49 IST" name="tearDownClass" finished-at="2025-07-14T16:09:49 IST" duration-ms="57" status="PASS">
          <reporter-output>
          </reporter-output>
        </test-method> <!-- tearDownClass -->
      </class> <!-- com.main.runner.TestNGCucumberRunner -->
    </test> <!-- Default test -->
  </suite> <!-- Default suite -->
</testng-results>
